2022/06/30 20:23:26 [notice] 1#1: using the "epoll" event method
2022/06/30 20:23:26 [notice] 1#1: nginx/1.20.2
2022/06/30 20:23:26 [notice] 1#1: built by gcc 10.2.1 20210110 (Debian 10.2.1-6) 
2022/06/30 20:23:26 [notice] 1#1: OS: Linux 5.10.104-linuxkit
2022/06/30 20:23:26 [notice] 1#1: getrlimit(RLIMIT_NOFILE): 1048576:1048576
2022/06/30 20:23:26 [notice] 1#1: start worker processes
2022/06/30 20:23:26 [notice] 1#1: start worker process 22
2022/06/30 20:23:26 [notice] 1#1: start worker process 23
2022/06/30 20:23:26 [notice] 1#1: start worker process 24
2022/06/30 20:23:26 [notice] 1#1: start worker process 25
2022/06/30 20:28:31 [notice] 1#1: signal 3 (SIGQUIT) received, shutting down
2022/06/30 20:28:31 [notice] 22#22: gracefully shutting down
2022/06/30 20:28:31 [notice] 23#23: gracefully shutting down
2022/06/30 20:28:31 [notice] 23#23: exiting
2022/06/30 20:28:31 [notice] 25#25: gracefully shutting down
2022/06/30 20:28:31 [notice] 24#24: gracefully shutting down
2022/06/30 20:28:31 [notice] 22#22: exiting
2022/06/30 20:28:31 [notice] 23#23: exit
2022/06/30 20:28:31 [notice] 25#25: exiting
2022/06/30 20:28:31 [notice] 24#24: exiting
2022/06/30 20:28:31 [notice] 22#22: exit
2022/06/30 20:28:31 [notice] 25#25: exit
2022/06/30 20:28:31 [notice] 24#24: exit
2022/06/30 20:28:31 [notice] 1#1: signal 17 (SIGCHLD) received from 23
2022/06/30 20:28:31 [notice] 1#1: worker process 23 exited with code 0
2022/06/30 20:28:31 [notice] 1#1: signal 29 (SIGIO) received
2022/06/30 20:28:31 [notice] 1#1: signal 17 (SIGCHLD) received from 25
2022/06/30 20:28:31 [notice] 1#1: worker process 22 exited with code 0
2022/06/30 20:28:31 [notice] 1#1: worker process 24 exited with code 0
2022/06/30 20:28:31 [notice] 1#1: worker process 25 exited with code 0
2022/06/30 20:28:31 [notice] 1#1: exit
2022/06/30 20:28:53 [notice] 1#1: using the "epoll" event method
2022/06/30 20:28:53 [notice] 1#1: nginx/1.20.2
2022/06/30 20:28:53 [notice] 1#1: built by gcc 10.2.1 20210110 (Debian 10.2.1-6) 
2022/06/30 20:28:53 [notice] 1#1: OS: Linux 5.10.104-linuxkit
2022/06/30 20:28:53 [notice] 1#1: getrlimit(RLIMIT_NOFILE): 1048576:1048576
2022/06/30 20:28:53 [notice] 1#1: start worker processes
2022/06/30 20:28:53 [notice] 1#1: start worker process 23
2022/06/30 20:28:53 [notice] 1#1: start worker process 24
2022/06/30 20:28:53 [notice] 1#1: start worker process 25
2022/06/30 20:28:53 [notice] 1#1: start worker process 26
2022/06/30 20:36:13 [notice] 1#1: signal 3 (SIGQUIT) received, shutting down
2022/06/30 20:36:13 [notice] 23#23: gracefully shutting down
2022/06/30 20:36:13 [notice] 26#26: gracefully shutting down
2022/06/30 20:36:13 [notice] 26#26: exiting
2022/06/30 20:36:13 [notice] 25#25: gracefully shutting down
2022/06/30 20:36:13 [notice] 24#24: gracefully shutting down
2022/06/30 20:36:13 [notice] 23#23: exiting
2022/06/30 20:36:13 [notice] 26#26: exit
2022/06/30 20:36:13 [notice] 25#25: exiting
2022/06/30 20:36:13 [notice] 24#24: exiting
2022/06/30 20:36:13 [notice] 24#24: exit
2022/06/30 20:36:13 [notice] 23#23: exit
2022/06/30 20:36:13 [notice] 25#25: exit
2022/06/30 20:36:13 [notice] 1#1: signal 17 (SIGCHLD) received from 26
2022/06/30 20:36:13 [notice] 1#1: worker process 26 exited with code 0
2022/06/30 20:36:13 [notice] 1#1: signal 29 (SIGIO) received
2022/06/30 20:36:13 [notice] 1#1: signal 17 (SIGCHLD) received from 24
2022/06/30 20:36:13 [notice] 1#1: worker process 24 exited with code 0
2022/06/30 20:36:13 [notice] 1#1: worker process 25 exited with code 0
2022/06/30 20:36:13 [notice] 1#1: signal 29 (SIGIO) received
2022/06/30 20:36:13 [notice] 1#1: signal 17 (SIGCHLD) received from 25
2022/06/30 20:36:13 [notice] 1#1: signal 17 (SIGCHLD) received from 23
2022/06/30 20:36:13 [notice] 1#1: worker process 23 exited with code 0
2022/06/30 20:36:13 [notice] 1#1: exit
2022/06/30 20:36:24 [notice] 1#1: using the "epoll" event method
2022/06/30 20:36:24 [notice] 1#1: nginx/1.20.2
2022/06/30 20:36:24 [notice] 1#1: built by gcc 10.2.1 20210110 (Debian 10.2.1-6) 
2022/06/30 20:36:24 [notice] 1#1: OS: Linux 5.10.104-linuxkit
2022/06/30 20:36:24 [notice] 1#1: getrlimit(RLIMIT_NOFILE): 1048576:1048576
2022/06/30 20:36:24 [notice] 1#1: start worker processes
2022/06/30 20:36:24 [notice] 1#1: start worker process 22
2022/06/30 20:36:24 [notice] 1#1: start worker process 23
2022/06/30 20:36:24 [notice] 1#1: start worker process 24
2022/06/30 20:36:24 [notice] 1#1: start worker process 25
2022/06/30 20:46:58 [notice] 1#1: signal 3 (SIGQUIT) received, shutting down
2022/06/30 20:46:58 [notice] 22#22: gracefully shutting down
2022/06/30 20:46:58 [notice] 22#22: exiting
2022/06/30 20:46:58 [notice] 23#23: gracefully shutting down
2022/06/30 20:46:58 [notice] 24#24: gracefully shutting down
2022/06/30 20:46:58 [notice] 25#25: gracefully shutting down
2022/06/30 20:46:58 [notice] 25#25: exiting
2022/06/30 20:46:58 [notice] 22#22: exit
2022/06/30 20:46:58 [notice] 23#23: exiting
2022/06/30 20:46:58 [notice] 24#24: exiting
2022/06/30 20:46:58 [notice] 25#25: exit
2022/06/30 20:46:58 [notice] 23#23: exit
2022/06/30 20:46:58 [notice] 24#24: exit
2022/06/30 20:46:58 [notice] 1#1: signal 17 (SIGCHLD) received from 22
2022/06/30 20:46:58 [notice] 1#1: worker process 22 exited with code 0
2022/06/30 20:46:58 [notice] 1#1: signal 29 (SIGIO) received
2022/06/30 20:46:58 [notice] 1#1: signal 17 (SIGCHLD) received from 23
2022/06/30 20:46:58 [notice] 1#1: worker process 23 exited with code 0
2022/06/30 20:46:58 [notice] 1#1: worker process 25 exited with code 0
2022/06/30 20:46:58 [notice] 1#1: worker process 24 exited with code 0
2022/06/30 20:46:58 [notice] 1#1: exit
2022/06/30 20:47:09 [notice] 1#1: using the "epoll" event method
2022/06/30 20:47:09 [notice] 1#1: nginx/1.20.2
2022/06/30 20:47:09 [notice] 1#1: built by gcc 10.2.1 20210110 (Debian 10.2.1-6) 
2022/06/30 20:47:09 [notice] 1#1: OS: Linux 5.10.104-linuxkit
2022/06/30 20:47:09 [notice] 1#1: getrlimit(RLIMIT_NOFILE): 1048576:1048576
2022/06/30 20:47:09 [notice] 1#1: start worker processes
2022/06/30 20:47:09 [notice] 1#1: start worker process 22
2022/06/30 20:47:09 [notice] 1#1: start worker process 23
2022/06/30 20:47:09 [notice] 1#1: start worker process 24
2022/06/30 20:47:09 [notice] 1#1: start worker process 25
2022/07/01 07:42:25 [notice] 1#1: signal 3 (SIGQUIT) received, shutting down
2022/07/01 07:42:25 [notice] 22#22: gracefully shutting down
2022/07/01 07:42:25 [notice] 23#23: gracefully shutting down
2022/07/01 07:42:25 [notice] 23#23: exiting
2022/07/01 07:42:25 [notice] 25#25: gracefully shutting down
2022/07/01 07:42:25 [notice] 24#24: gracefully shutting down
2022/07/01 07:42:25 [notice] 22#22: exiting
2022/07/01 07:42:25 [notice] 23#23: exit
2022/07/01 07:42:25 [notice] 25#25: exiting
2022/07/01 07:42:25 [notice] 25#25: exit
2022/07/01 07:42:25 [notice] 24#24: exiting
2022/07/01 07:42:25 [notice] 22#22: exit
2022/07/01 07:42:25 [notice] 24#24: exit
2022/07/01 07:42:25 [notice] 1#1: signal 17 (SIGCHLD) received from 23
2022/07/01 07:42:25 [notice] 1#1: worker process 22 exited with code 0
2022/07/01 07:42:25 [notice] 1#1: worker process 23 exited with code 0
2022/07/01 07:42:25 [notice] 1#1: worker process 25 exited with code 0
2022/07/01 07:42:25 [notice] 1#1: signal 29 (SIGIO) received
2022/07/01 07:42:25 [notice] 1#1: signal 17 (SIGCHLD) received from 22
2022/07/01 07:42:25 [notice] 1#1: signal 17 (SIGCHLD) received from 24
2022/07/01 07:42:25 [notice] 1#1: worker process 24 exited with code 0
2022/07/01 07:42:25 [notice] 1#1: exit
2022/07/01 07:43:00 [notice] 1#1: using the "epoll" event method
2022/07/01 07:43:00 [notice] 1#1: nginx/1.20.2
2022/07/01 07:43:00 [notice] 1#1: built by gcc 10.2.1 20210110 (Debian 10.2.1-6) 
2022/07/01 07:43:00 [notice] 1#1: OS: Linux 5.10.104-linuxkit
2022/07/01 07:43:00 [notice] 1#1: getrlimit(RLIMIT_NOFILE): 1048576:1048576
2022/07/01 07:43:00 [notice] 1#1: start worker processes
2022/07/01 07:43:00 [notice] 1#1: start worker process 22
2022/07/01 07:43:00 [notice] 1#1: start worker process 23
2022/07/01 07:43:00 [notice] 1#1: start worker process 24
2022/07/01 07:43:00 [notice] 1#1: start worker process 25
2022/07/01 07:50:37 [notice] 1#1: signal 3 (SIGQUIT) received, shutting down
2022/07/01 07:50:37 [notice] 24#24: gracefully shutting down
2022/07/01 07:50:37 [notice] 22#22: gracefully shutting down
2022/07/01 07:50:37 [notice] 22#22: exiting
2022/07/01 07:50:37 [notice] 23#23: gracefully shutting down
2022/07/01 07:50:37 [notice] 25#25: gracefully shutting down
2022/07/01 07:50:37 [notice] 24#24: exiting
2022/07/01 07:50:37 [notice] 22#22: exit
2022/07/01 07:50:37 [notice] 23#23: exiting
2022/07/01 07:50:37 [notice] 25#25: exiting
2022/07/01 07:50:37 [notice] 24#24: exit
2022/07/01 07:50:37 [notice] 23#23: exit
2022/07/01 07:50:37 [notice] 25#25: exit
2022/07/01 07:50:37 [notice] 1#1: signal 17 (SIGCHLD) received from 22
2022/07/01 07:50:37 [notice] 1#1: worker process 22 exited with code 0
2022/07/01 07:50:37 [notice] 1#1: signal 29 (SIGIO) received
2022/07/01 07:50:37 [notice] 1#1: signal 17 (SIGCHLD) received from 25
2022/07/01 07:50:37 [notice] 1#1: worker process 23 exited with code 0
2022/07/01 07:50:37 [notice] 1#1: worker process 24 exited with code 0
2022/07/01 07:50:37 [notice] 1#1: worker process 25 exited with code 0
2022/07/01 07:50:37 [notice] 1#1: exit
2022/07/01 07:50:50 [notice] 1#1: using the "epoll" event method
2022/07/01 07:50:50 [notice] 1#1: nginx/1.20.2
2022/07/01 07:50:50 [notice] 1#1: built by gcc 10.2.1 20210110 (Debian 10.2.1-6) 
2022/07/01 07:50:50 [notice] 1#1: OS: Linux 5.10.104-linuxkit
2022/07/01 07:50:50 [notice] 1#1: getrlimit(RLIMIT_NOFILE): 1048576:1048576
2022/07/01 07:50:50 [notice] 1#1: start worker processes
2022/07/01 07:50:50 [notice] 1#1: start worker process 22
2022/07/01 07:50:50 [notice] 1#1: start worker process 23
2022/07/01 07:50:50 [notice] 1#1: start worker process 24
2022/07/01 07:50:50 [notice] 1#1: start worker process 25
2022/07/01 07:56:28 [notice] 1#1: signal 3 (SIGQUIT) received, shutting down
2022/07/01 07:56:28 [notice] 24#24: gracefully shutting down
2022/07/01 07:56:28 [notice] 22#22: gracefully shutting down
2022/07/01 07:56:28 [notice] 23#23: gracefully shutting down
2022/07/01 07:56:28 [notice] 23#23: exiting
2022/07/01 07:56:28 [notice] 25#25: gracefully shutting down
2022/07/01 07:56:28 [notice] 24#24: exiting
2022/07/01 07:56:28 [notice] 22#22: exiting
2022/07/01 07:56:28 [notice] 23#23: exit
2022/07/01 07:56:28 [notice] 25#25: exiting
2022/07/01 07:56:28 [notice] 24#24: exit
2022/07/01 07:56:28 [notice] 22#22: exit
2022/07/01 07:56:28 [notice] 25#25: exit
2022/07/01 07:56:29 [notice] 1#1: signal 17 (SIGCHLD) received from 23
2022/07/01 07:56:29 [notice] 1#1: worker process 23 exited with code 0
2022/07/01 07:56:29 [notice] 1#1: signal 29 (SIGIO) received
2022/07/01 07:56:29 [notice] 1#1: signal 17 (SIGCHLD) received from 24
2022/07/01 07:56:29 [notice] 1#1: worker process 22 exited with code 0
2022/07/01 07:56:29 [notice] 1#1: worker process 24 exited with code 0
2022/07/01 07:56:29 [notice] 1#1: worker process 25 exited with code 0
2022/07/01 07:56:29 [notice] 1#1: exit
2022/07/01 07:56:37 [notice] 1#1: using the "epoll" event method
2022/07/01 07:56:37 [notice] 1#1: nginx/1.20.2
2022/07/01 07:56:37 [notice] 1#1: built by gcc 10.2.1 20210110 (Debian 10.2.1-6) 
2022/07/01 07:56:37 [notice] 1#1: OS: Linux 5.10.104-linuxkit
2022/07/01 07:56:37 [notice] 1#1: getrlimit(RLIMIT_NOFILE): 1048576:1048576
2022/07/01 07:56:37 [notice] 1#1: start worker processes
2022/07/01 07:56:37 [notice] 1#1: start worker process 22
2022/07/01 07:56:37 [notice] 1#1: start worker process 23
2022/07/01 07:56:37 [notice] 1#1: start worker process 24
2022/07/01 07:56:37 [notice] 1#1: start worker process 25
2022/07/01 07:58:24 [notice] 1#1: signal 3 (SIGQUIT) received, shutting down
2022/07/01 07:58:24 [notice] 24#24: gracefully shutting down
2022/07/01 07:58:24 [notice] 23#23: gracefully shutting down
2022/07/01 07:58:24 [notice] 23#23: exiting
2022/07/01 07:58:24 [notice] 22#22: gracefully shutting down
2022/07/01 07:58:24 [notice] 25#25: gracefully shutting down
2022/07/01 07:58:24 [notice] 24#24: exiting
2022/07/01 07:58:24 [notice] 24#24: exit
2022/07/01 07:58:24 [notice] 23#23: exit
2022/07/01 07:58:24 [notice] 22#22: exiting
2022/07/01 07:58:24 [notice] 22#22: exit
2022/07/01 07:58:24 [notice] 25#25: exiting
2022/07/01 07:58:24 [notice] 25#25: exit
2022/07/01 07:58:24 [notice] 1#1: signal 17 (SIGCHLD) received from 24
2022/07/01 07:58:24 [notice] 1#1: worker process 24 exited with code 0
2022/07/01 07:58:24 [notice] 1#1: signal 29 (SIGIO) received
2022/07/01 07:58:24 [notice] 1#1: signal 17 (SIGCHLD) received from 23
2022/07/01 07:58:24 [notice] 1#1: worker process 23 exited with code 0
2022/07/01 07:58:24 [notice] 1#1: signal 29 (SIGIO) received
2022/07/01 07:58:24 [notice] 1#1: signal 17 (SIGCHLD) received from 25
2022/07/01 07:58:24 [notice] 1#1: worker process 22 exited with code 0
2022/07/01 07:58:24 [notice] 1#1: worker process 25 exited with code 0
2022/07/01 07:58:24 [notice] 1#1: exit
2022/07/01 07:58:42 [notice] 1#1: using the "epoll" event method
2022/07/01 07:58:42 [notice] 1#1: nginx/1.20.2
2022/07/01 07:58:42 [notice] 1#1: built by gcc 10.2.1 20210110 (Debian 10.2.1-6) 
2022/07/01 07:58:42 [notice] 1#1: OS: Linux 5.10.104-linuxkit
2022/07/01 07:58:42 [notice] 1#1: getrlimit(RLIMIT_NOFILE): 1048576:1048576
2022/07/01 07:58:42 [notice] 1#1: start worker processes
2022/07/01 07:58:42 [notice] 1#1: start worker process 22
2022/07/01 07:58:42 [notice] 1#1: start worker process 23
2022/07/01 07:58:42 [notice] 1#1: start worker process 24
2022/07/01 07:58:42 [notice] 1#1: start worker process 25
2022/07/01 08:01:17 [notice] 1#1: signal 3 (SIGQUIT) received, shutting down
2022/07/01 08:01:17 [notice] 22#22: gracefully shutting down
2022/07/01 08:01:17 [notice] 22#22: exiting
2022/07/01 08:01:17 [notice] 24#24: gracefully shutting down
2022/07/01 08:01:17 [notice] 23#23: gracefully shutting down
2022/07/01 08:01:17 [notice] 25#25: gracefully shutting down
2022/07/01 08:01:17 [notice] 22#22: exit
2022/07/01 08:01:17 [notice] 24#24: exiting
2022/07/01 08:01:17 [notice] 23#23: exiting
2022/07/01 08:01:17 [notice] 25#25: exiting
2022/07/01 08:01:17 [notice] 24#24: exit
2022/07/01 08:01:17 [notice] 23#23: exit
2022/07/01 08:01:17 [notice] 25#25: exit
2022/07/01 08:01:17 [notice] 1#1: signal 17 (SIGCHLD) received from 25
2022/07/01 08:01:17 [notice] 1#1: worker process 23 exited with code 0
2022/07/01 08:01:17 [notice] 1#1: worker process 25 exited with code 0
2022/07/01 08:01:17 [notice] 1#1: worker process 22 exited with code 0
2022/07/01 08:01:17 [notice] 1#1: signal 29 (SIGIO) received
2022/07/01 08:01:17 [notice] 1#1: signal 17 (SIGCHLD) received from 22
2022/07/01 08:01:17 [notice] 1#1: signal 17 (SIGCHLD) received from 24
2022/07/01 08:01:17 [notice] 1#1: worker process 24 exited with code 0
2022/07/01 08:01:17 [notice] 1#1: exit
2022/07/01 08:01:32 [notice] 1#1: using the "epoll" event method
2022/07/01 08:01:32 [notice] 1#1: nginx/1.20.2
2022/07/01 08:01:32 [notice] 1#1: built by gcc 10.2.1 20210110 (Debian 10.2.1-6) 
2022/07/01 08:01:32 [notice] 1#1: OS: Linux 5.10.104-linuxkit
2022/07/01 08:01:32 [notice] 1#1: getrlimit(RLIMIT_NOFILE): 1048576:1048576
2022/07/01 08:01:32 [notice] 1#1: start worker processes
2022/07/01 08:01:32 [notice] 1#1: start worker process 23
2022/07/01 08:01:32 [notice] 1#1: start worker process 24
2022/07/01 08:01:32 [notice] 1#1: start worker process 25
2022/07/01 08:01:32 [notice] 1#1: start worker process 26
2022/07/01 08:30:48 [notice] 1#1: signal 3 (SIGQUIT) received, shutting down
2022/07/01 08:30:48 [notice] 25#25: gracefully shutting down
2022/07/01 08:30:48 [notice] 24#24: gracefully shutting down
2022/07/01 08:30:48 [notice] 24#24: exiting
2022/07/01 08:30:48 [notice] 23#23: gracefully shutting down
2022/07/01 08:30:48 [notice] 26#26: gracefully shutting down
2022/07/01 08:30:48 [notice] 25#25: exiting
2022/07/01 08:30:48 [notice] 24#24: exit
2022/07/01 08:30:48 [notice] 23#23: exiting
2022/07/01 08:30:48 [notice] 26#26: exiting
2022/07/01 08:30:48 [notice] 25#25: exit
2022/07/01 08:30:48 [notice] 23#23: exit
2022/07/01 08:30:48 [notice] 26#26: exit
2022/07/01 08:30:48 [notice] 1#1: signal 17 (SIGCHLD) received from 24
2022/07/01 08:30:48 [notice] 1#1: worker process 24 exited with code 0
2022/07/01 08:30:48 [notice] 1#1: signal 29 (SIGIO) received
2022/07/01 08:30:48 [notice] 1#1: signal 17 (SIGCHLD) received from 25
2022/07/01 08:30:48 [notice] 1#1: worker process 25 exited with code 0
2022/07/01 08:30:48 [notice] 1#1: worker process 26 exited with code 0
2022/07/01 08:30:48 [notice] 1#1: worker process 23 exited with code 0
2022/07/01 08:30:48 [notice] 1#1: exit
2022/07/01 08:46:37 [notice] 1#1: using the "epoll" event method
2022/07/01 08:46:37 [notice] 1#1: nginx/1.20.2
2022/07/01 08:46:37 [notice] 1#1: built by gcc 10.2.1 20210110 (Debian 10.2.1-6) 
2022/07/01 08:46:37 [notice] 1#1: OS: Linux 5.10.104-linuxkit
2022/07/01 08:46:37 [notice] 1#1: getrlimit(RLIMIT_NOFILE): 1048576:1048576
2022/07/01 08:46:37 [notice] 1#1: start worker processes
2022/07/01 08:46:37 [notice] 1#1: start worker process 22
2022/07/01 08:46:37 [notice] 1#1: start worker process 23
2022/07/01 08:46:37 [notice] 1#1: start worker process 24
2022/07/01 08:46:37 [notice] 1#1: start worker process 25
2022/07/01 08:48:45 [notice] 1#1: signal 3 (SIGQUIT) received, shutting down
2022/07/01 08:48:45 [notice] 22#22: gracefully shutting down
2022/07/01 08:48:45 [notice] 23#23: gracefully shutting down
2022/07/01 08:48:45 [notice] 23#23: exiting
2022/07/01 08:48:45 [notice] 24#24: gracefully shutting down
2022/07/01 08:48:45 [notice] 25#25: gracefully shutting down
2022/07/01 08:48:45 [notice] 22#22: exiting
2022/07/01 08:48:45 [notice] 23#23: exit
2022/07/01 08:48:45 [notice] 24#24: exiting
2022/07/01 08:48:45 [notice] 25#25: exiting
2022/07/01 08:48:45 [notice] 22#22: exit
2022/07/01 08:48:45 [notice] 24#24: exit
2022/07/01 08:48:45 [notice] 25#25: exit
2022/07/01 08:48:45 [notice] 1#1: signal 17 (SIGCHLD) received from 22
2022/07/01 08:48:45 [notice] 1#1: worker process 22 exited with code 0
2022/07/01 08:48:45 [notice] 1#1: worker process 23 exited with code 0
2022/07/01 08:48:45 [notice] 1#1: signal 29 (SIGIO) received
2022/07/01 08:48:45 [notice] 1#1: signal 17 (SIGCHLD) received from 25
2022/07/01 08:48:45 [notice] 1#1: worker process 24 exited with code 0
2022/07/01 08:48:45 [notice] 1#1: worker process 25 exited with code 0
2022/07/01 08:48:45 [notice] 1#1: exit
2022/07/01 08:48:54 [notice] 1#1: using the "epoll" event method
2022/07/01 08:48:54 [notice] 1#1: nginx/1.20.2
2022/07/01 08:48:54 [notice] 1#1: built by gcc 10.2.1 20210110 (Debian 10.2.1-6) 
2022/07/01 08:48:54 [notice] 1#1: OS: Linux 5.10.104-linuxkit
2022/07/01 08:48:54 [notice] 1#1: getrlimit(RLIMIT_NOFILE): 1048576:1048576
2022/07/01 08:48:54 [notice] 1#1: start worker processes
2022/07/01 08:48:54 [notice] 1#1: start worker process 22
2022/07/01 08:48:54 [notice] 1#1: start worker process 23
2022/07/01 08:48:54 [notice] 1#1: start worker process 24
2022/07/01 08:48:54 [notice] 1#1: start worker process 25
2022/07/01 08:50:28 [notice] 1#1: signal 3 (SIGQUIT) received, shutting down
2022/07/01 08:50:28 [notice] 22#22: gracefully shutting down
2022/07/01 08:50:28 [notice] 23#23: gracefully shutting down
2022/07/01 08:50:28 [notice] 24#24: gracefully shutting down
2022/07/01 08:50:28 [notice] 24#24: exiting
2022/07/01 08:50:28 [notice] 25#25: gracefully shutting down
2022/07/01 08:50:28 [notice] 22#22: exiting
2022/07/01 08:50:28 [notice] 23#23: exiting
2022/07/01 08:50:28 [notice] 24#24: exit
2022/07/01 08:50:28 [notice] 25#25: exiting
2022/07/01 08:50:28 [notice] 25#25: exit
2022/07/01 08:50:28 [notice] 22#22: exit
2022/07/01 08:50:28 [notice] 23#23: exit
2022/07/01 08:50:28 [notice] 1#1: signal 17 (SIGCHLD) received from 24
2022/07/01 08:50:28 [notice] 1#1: worker process 24 exited with code 0
2022/07/01 08:50:28 [notice] 1#1: signal 29 (SIGIO) received
2022/07/01 08:50:28 [notice] 1#1: signal 17 (SIGCHLD) received from 25
2022/07/01 08:50:28 [notice] 1#1: worker process 23 exited with code 0
2022/07/01 08:50:28 [notice] 1#1: worker process 25 exited with code 0
2022/07/01 08:50:28 [notice] 1#1: worker process 22 exited with code 0
2022/07/01 08:50:28 [notice] 1#1: exit
2022/07/01 08:50:33 [notice] 1#1: using the "epoll" event method
2022/07/01 08:50:33 [notice] 1#1: nginx/1.20.2
2022/07/01 08:50:33 [notice] 1#1: built by gcc 10.2.1 20210110 (Debian 10.2.1-6) 
2022/07/01 08:50:33 [notice] 1#1: OS: Linux 5.10.104-linuxkit
2022/07/01 08:50:33 [notice] 1#1: getrlimit(RLIMIT_NOFILE): 1048576:1048576
2022/07/01 08:50:33 [notice] 1#1: start worker processes
2022/07/01 08:50:33 [notice] 1#1: start worker process 22
2022/07/01 08:50:33 [notice] 1#1: start worker process 23
2022/07/01 08:50:33 [notice] 1#1: start worker process 24
2022/07/01 08:50:33 [notice] 1#1: start worker process 25
2022/07/01 08:52:08 [notice] 1#1: signal 3 (SIGQUIT) received, shutting down
2022/07/01 08:52:08 [notice] 22#22: gracefully shutting down
2022/07/01 08:52:08 [notice] 23#23: gracefully shutting down
2022/07/01 08:52:08 [notice] 24#24: gracefully shutting down
2022/07/01 08:52:08 [notice] 25#25: gracefully shutting down
2022/07/01 08:52:08 [notice] 25#25: exiting
2022/07/01 08:52:08 [notice] 22#22: exiting
2022/07/01 08:52:08 [notice] 23#23: exiting
2022/07/01 08:52:08 [notice] 24#24: exiting
2022/07/01 08:52:08 [notice] 25#25: exit
2022/07/01 08:52:08 [notice] 22#22: exit
2022/07/01 08:52:08 [notice] 23#23: exit
2022/07/01 08:52:08 [notice] 24#24: exit
2022/07/01 08:52:08 [notice] 1#1: signal 17 (SIGCHLD) received from 25
2022/07/01 08:52:08 [notice] 1#1: worker process 22 exited with code 0
2022/07/01 08:52:08 [notice] 1#1: worker process 24 exited with code 0
2022/07/01 08:52:08 [notice] 1#1: worker process 25 exited with code 0
2022/07/01 08:52:08 [notice] 1#1: worker process 23 exited with code 0
2022/07/01 08:52:08 [notice] 1#1: exit
2022/07/01 08:53:25 [notice] 1#1: using the "epoll" event method
2022/07/01 08:53:25 [notice] 1#1: nginx/1.20.2
2022/07/01 08:53:25 [notice] 1#1: built by gcc 10.2.1 20210110 (Debian 10.2.1-6) 
2022/07/01 08:53:25 [notice] 1#1: OS: Linux 5.10.104-linuxkit
2022/07/01 08:53:25 [notice] 1#1: getrlimit(RLIMIT_NOFILE): 1048576:1048576
2022/07/01 08:53:25 [notice] 1#1: start worker processes
2022/07/01 08:53:25 [notice] 1#1: start worker process 22
2022/07/01 08:53:25 [notice] 1#1: start worker process 23
2022/07/01 08:53:25 [notice] 1#1: start worker process 24
2022/07/01 08:53:25 [notice] 1#1: start worker process 25
2022/07/01 08:55:02 [notice] 1#1: signal 3 (SIGQUIT) received, shutting down
2022/07/01 08:55:02 [notice] 22#22: gracefully shutting down
2022/07/01 08:55:02 [notice] 23#23: gracefully shutting down
2022/07/01 08:55:02 [notice] 23#23: exiting
2022/07/01 08:55:02 [notice] 25#25: gracefully shutting down
2022/07/01 08:55:02 [notice] 25#25: exiting
2022/07/01 08:55:02 [notice] 24#24: gracefully shutting down
2022/07/01 08:55:02 [notice] 22#22: exiting
2022/07/01 08:55:02 [notice] 23#23: exit
2022/07/01 08:55:02 [notice] 25#25: exit
2022/07/01 08:55:02 [notice] 24#24: exiting
2022/07/01 08:55:02 [notice] 22#22: exit
2022/07/01 08:55:02 [notice] 24#24: exit
2022/07/01 08:55:02 [notice] 1#1: signal 17 (SIGCHLD) received from 23
2022/07/01 08:55:02 [notice] 1#1: worker process 23 exited with code 0
2022/07/01 08:55:02 [notice] 1#1: worker process 24 exited with code 0
2022/07/01 08:55:02 [notice] 1#1: worker process 25 exited with code 0
2022/07/01 08:55:02 [notice] 1#1: signal 29 (SIGIO) received
2022/07/01 08:55:02 [notice] 1#1: signal 17 (SIGCHLD) received from 22
2022/07/01 08:55:02 [notice] 1#1: worker process 22 exited with code 0
2022/07/01 08:55:02 [notice] 1#1: exit
2022/07/01 08:55:07 [notice] 1#1: using the "epoll" event method
2022/07/01 08:55:07 [notice] 1#1: nginx/1.20.2
2022/07/01 08:55:07 [notice] 1#1: built by gcc 10.2.1 20210110 (Debian 10.2.1-6) 
2022/07/01 08:55:07 [notice] 1#1: OS: Linux 5.10.104-linuxkit
2022/07/01 08:55:07 [notice] 1#1: getrlimit(RLIMIT_NOFILE): 1048576:1048576
2022/07/01 08:55:07 [notice] 1#1: start worker processes
2022/07/01 08:55:07 [notice] 1#1: start worker process 22
2022/07/01 08:55:07 [notice] 1#1: start worker process 23
2022/07/01 08:55:07 [notice] 1#1: start worker process 24
2022/07/01 08:55:07 [notice] 1#1: start worker process 25
2022/07/01 08:55:39 [notice] 1#1: signal 3 (SIGQUIT) received, shutting down
2022/07/01 08:55:39 [notice] 22#22: gracefully shutting down
2022/07/01 08:55:39 [notice] 24#24: gracefully shutting down
2022/07/01 08:55:39 [notice] 25#25: gracefully shutting down
2022/07/01 08:55:39 [notice] 23#23: gracefully shutting down
2022/07/01 08:55:39 [notice] 22#22: exiting
2022/07/01 08:55:39 [notice] 24#24: exiting
2022/07/01 08:55:39 [notice] 25#25: exiting
2022/07/01 08:55:39 [notice] 23#23: exiting
2022/07/01 08:55:39 [notice] 22#22: exit
2022/07/01 08:55:39 [notice] 24#24: exit
2022/07/01 08:55:39 [notice] 25#25: exit
2022/07/01 08:55:39 [notice] 23#23: exit
2022/07/01 08:55:39 [notice] 1#1: signal 17 (SIGCHLD) received from 23
2022/07/01 08:55:39 [notice] 1#1: worker process 23 exited with code 0
2022/07/01 08:55:39 [notice] 1#1: worker process 24 exited with code 0
2022/07/01 08:55:39 [notice] 1#1: worker process 22 exited with code 0
2022/07/01 08:55:39 [notice] 1#1: worker process 25 exited with code 0
2022/07/01 08:55:39 [notice] 1#1: exit
2022/07/01 08:55:53 [notice] 1#1: using the "epoll" event method
2022/07/01 08:55:53 [notice] 1#1: nginx/1.20.2
2022/07/01 08:55:53 [notice] 1#1: built by gcc 10.2.1 20210110 (Debian 10.2.1-6) 
2022/07/01 08:55:53 [notice] 1#1: OS: Linux 5.10.104-linuxkit
2022/07/01 08:55:53 [notice] 1#1: getrlimit(RLIMIT_NOFILE): 1048576:1048576
2022/07/01 08:55:53 [notice] 1#1: start worker processes
2022/07/01 08:55:53 [notice] 1#1: start worker process 22
2022/07/01 08:55:53 [notice] 1#1: start worker process 23
2022/07/01 08:55:53 [notice] 1#1: start worker process 24
2022/07/01 08:55:53 [notice] 1#1: start worker process 25
2022/07/01 08:58:58 [notice] 1#1: signal 3 (SIGQUIT) received, shutting down
2022/07/01 08:58:58 [notice] 23#23: gracefully shutting down
2022/07/01 08:58:58 [notice] 23#23: exiting
2022/07/01 08:58:58 [notice] 24#24: gracefully shutting down
2022/07/01 08:58:58 [notice] 22#22: gracefully shutting down
2022/07/01 08:58:58 [notice] 25#25: gracefully shutting down
2022/07/01 08:58:58 [notice] 25#25: exiting
2022/07/01 08:58:58 [notice] 23#23: exit
2022/07/01 08:58:58 [notice] 24#24: exiting
2022/07/01 08:58:58 [notice] 22#22: exiting
2022/07/01 08:58:58 [notice] 25#25: exit
2022/07/01 08:58:58 [notice] 24#24: exit
2022/07/01 08:58:58 [notice] 22#22: exit
2022/07/01 08:58:58 [notice] 1#1: signal 17 (SIGCHLD) received from 23
2022/07/01 08:58:58 [notice] 1#1: worker process 23 exited with code 0
2022/07/01 08:58:58 [notice] 1#1: signal 29 (SIGIO) received
2022/07/01 08:58:58 [notice] 1#1: signal 17 (SIGCHLD) received from 25
2022/07/01 08:58:58 [notice] 1#1: worker process 25 exited with code 0
2022/07/01 08:58:58 [notice] 1#1: signal 29 (SIGIO) received
2022/07/01 08:58:58 [notice] 1#1: signal 17 (SIGCHLD) received from 24
2022/07/01 08:58:58 [notice] 1#1: worker process 22 exited with code 0
2022/07/01 08:58:58 [notice] 1#1: worker process 24 exited with code 0
2022/07/01 08:58:58 [notice] 1#1: exit
2022/07/01 08:59:12 [notice] 1#1: using the "epoll" event method
2022/07/01 08:59:12 [notice] 1#1: nginx/1.20.2
2022/07/01 08:59:12 [notice] 1#1: built by gcc 10.2.1 20210110 (Debian 10.2.1-6) 
2022/07/01 08:59:12 [notice] 1#1: OS: Linux 5.10.104-linuxkit
2022/07/01 08:59:12 [notice] 1#1: getrlimit(RLIMIT_NOFILE): 1048576:1048576
2022/07/01 08:59:12 [notice] 1#1: start worker processes
2022/07/01 08:59:12 [notice] 1#1: start worker process 22
2022/07/01 08:59:12 [notice] 1#1: start worker process 23
2022/07/01 08:59:12 [notice] 1#1: start worker process 24
2022/07/01 08:59:12 [notice] 1#1: start worker process 25
2022/07/01 09:04:26 [notice] 1#1: signal 3 (SIGQUIT) received, shutting down
2022/07/01 09:04:26 [notice] 24#24: gracefully shutting down
2022/07/01 09:04:26 [notice] 22#22: gracefully shutting down
2022/07/01 09:04:26 [notice] 22#22: exiting
2022/07/01 09:04:26 [notice] 23#23: gracefully shutting down
2022/07/01 09:04:26 [notice] 25#25: gracefully shutting down
2022/07/01 09:04:26 [notice] 24#24: exiting
2022/07/01 09:04:26 [notice] 22#22: exit
2022/07/01 09:04:26 [notice] 23#23: exiting
2022/07/01 09:04:26 [notice] 25#25: exiting
2022/07/01 09:04:26 [notice] 24#24: exit
2022/07/01 09:04:26 [notice] 23#23: exit
2022/07/01 09:04:26 [notice] 25#25: exit
2022/07/01 09:04:26 [notice] 1#1: signal 17 (SIGCHLD) received from 22
2022/07/01 09:04:26 [notice] 1#1: worker process 22 exited with code 0
2022/07/01 09:04:26 [notice] 1#1: signal 29 (SIGIO) received
2022/07/01 09:04:26 [notice] 1#1: signal 17 (SIGCHLD) received from 24
2022/07/01 09:04:26 [notice] 1#1: worker process 24 exited with code 0
2022/07/01 09:04:26 [notice] 1#1: worker process 25 exited with code 0
2022/07/01 09:04:26 [notice] 1#1: signal 29 (SIGIO) received
2022/07/01 09:04:26 [notice] 1#1: signal 17 (SIGCHLD) received from 23
2022/07/01 09:04:26 [notice] 1#1: worker process 23 exited with code 0
2022/07/01 09:04:26 [notice] 1#1: exit
2022/07/01 09:05:05 [notice] 1#1: using the "epoll" event method
2022/07/01 09:05:05 [notice] 1#1: nginx/1.20.2
2022/07/01 09:05:05 [notice] 1#1: built by gcc 10.2.1 20210110 (Debian 10.2.1-6) 
2022/07/01 09:05:05 [notice] 1#1: OS: Linux 5.10.104-linuxkit
2022/07/01 09:05:05 [notice] 1#1: getrlimit(RLIMIT_NOFILE): 1048576:1048576
2022/07/01 09:05:05 [notice] 1#1: start worker processes
2022/07/01 09:05:05 [notice] 1#1: start worker process 22
2022/07/01 09:05:05 [notice] 1#1: start worker process 23
2022/07/01 09:05:05 [notice] 1#1: start worker process 24
2022/07/01 09:05:05 [notice] 1#1: start worker process 25
2022/07/01 09:06:10 [notice] 1#1: signal 3 (SIGQUIT) received, shutting down
2022/07/01 09:06:10 [notice] 22#22: gracefully shutting down
2022/07/01 09:06:10 [notice] 22#22: exiting
2022/07/01 09:06:10 [notice] 23#23: gracefully shutting down
2022/07/01 09:06:10 [notice] 23#23: exiting
2022/07/01 09:06:10 [notice] 24#24: gracefully shutting down
2022/07/01 09:06:10 [notice] 25#25: gracefully shutting down
2022/07/01 09:06:10 [notice] 22#22: exit
2022/07/01 09:06:10 [notice] 23#23: exit
2022/07/01 09:06:10 [notice] 24#24: exiting
2022/07/01 09:06:10 [notice] 25#25: exiting
2022/07/01 09:06:10 [notice] 24#24: exit
2022/07/01 09:06:10 [notice] 25#25: exit
2022/07/01 09:06:10 [notice] 1#1: signal 17 (SIGCHLD) received from 23
2022/07/01 09:06:10 [notice] 1#1: worker process 22 exited with code 0
2022/07/01 09:06:10 [notice] 1#1: worker process 23 exited with code 0
2022/07/01 09:06:10 [notice] 1#1: signal 29 (SIGIO) received
2022/07/01 09:06:10 [notice] 1#1: signal 17 (SIGCHLD) received from 24
2022/07/01 09:06:10 [notice] 1#1: worker process 24 exited with code 0
2022/07/01 09:06:10 [notice] 1#1: signal 17 (SIGCHLD) received from 25
2022/07/01 09:06:10 [notice] 1#1: worker process 25 exited with code 0
2022/07/01 09:06:10 [notice] 1#1: exit
2022/07/01 09:06:55 [notice] 1#1: using the "epoll" event method
2022/07/01 09:06:55 [notice] 1#1: nginx/1.20.2
2022/07/01 09:06:55 [notice] 1#1: built by gcc 10.2.1 20210110 (Debian 10.2.1-6) 
2022/07/01 09:06:55 [notice] 1#1: OS: Linux 5.10.104-linuxkit
2022/07/01 09:06:55 [notice] 1#1: getrlimit(RLIMIT_NOFILE): 1048576:1048576
2022/07/01 09:06:55 [notice] 1#1: start worker processes
2022/07/01 09:06:55 [notice] 1#1: start worker process 22
2022/07/01 09:06:55 [notice] 1#1: start worker process 23
2022/07/01 09:06:55 [notice] 1#1: start worker process 24
2022/07/01 09:06:55 [notice] 1#1: start worker process 25
2022/07/01 09:48:52 [notice] 1#1: signal 3 (SIGQUIT) received, shutting down
2022/07/01 09:48:52 [notice] 22#22: gracefully shutting down
2022/07/01 09:48:52 [notice] 22#22: exiting
2022/07/01 09:48:52 [notice] 24#24: gracefully shutting down
2022/07/01 09:48:52 [notice] 23#23: gracefully shutting down
2022/07/01 09:48:52 [notice] 25#25: gracefully shutting down
2022/07/01 09:48:52 [notice] 22#22: exit
2022/07/01 09:48:52 [notice] 24#24: exiting
2022/07/01 09:48:52 [notice] 23#23: exiting
2022/07/01 09:48:52 [notice] 25#25: exiting
2022/07/01 09:48:52 [notice] 24#24: exit
2022/07/01 09:48:52 [notice] 23#23: exit
2022/07/01 09:48:52 [notice] 25#25: exit
2022/07/01 09:48:52 [notice] 1#1: signal 17 (SIGCHLD) received from 22
2022/07/01 09:48:52 [notice] 1#1: worker process 22 exited with code 0
2022/07/01 09:48:52 [notice] 1#1: signal 29 (SIGIO) received
2022/07/01 09:48:52 [notice] 1#1: signal 17 (SIGCHLD) received from 23
2022/07/01 09:48:52 [notice] 1#1: worker process 23 exited with code 0
2022/07/01 09:48:52 [notice] 1#1: signal 29 (SIGIO) received
2022/07/01 09:48:52 [notice] 1#1: signal 17 (SIGCHLD) received from 25
2022/07/01 09:48:52 [notice] 1#1: worker process 24 exited with code 0
2022/07/01 09:48:52 [notice] 1#1: worker process 25 exited with code 0
2022/07/01 09:48:52 [notice] 1#1: exit
2022/07/01 09:58:27 [notice] 1#1: using the "epoll" event method
2022/07/01 09:58:27 [notice] 1#1: nginx/1.20.2
2022/07/01 09:58:27 [notice] 1#1: built by gcc 10.2.1 20210110 (Debian 10.2.1-6) 
2022/07/01 09:58:27 [notice] 1#1: OS: Linux 5.10.104-linuxkit
2022/07/01 09:58:27 [notice] 1#1: getrlimit(RLIMIT_NOFILE): 1048576:1048576
2022/07/01 09:58:27 [notice] 1#1: start worker processes
2022/07/01 09:58:27 [notice] 1#1: start worker process 22
2022/07/01 09:58:27 [notice] 1#1: start worker process 23
2022/07/01 09:58:27 [notice] 1#1: start worker process 24
2022/07/01 09:58:27 [notice] 1#1: start worker process 25
2022/07/01 10:01:02 [notice] 1#1: signal 3 (SIGQUIT) received, shutting down
2022/07/01 10:01:02 [notice] 22#22: gracefully shutting down
2022/07/01 10:01:02 [notice] 23#23: gracefully shutting down
2022/07/01 10:01:02 [notice] 23#23: exiting
2022/07/01 10:01:02 [notice] 24#24: gracefully shutting down
2022/07/01 10:01:02 [notice] 25#25: gracefully shutting down
2022/07/01 10:01:02 [notice] 22#22: exiting
2022/07/01 10:01:02 [notice] 23#23: exit
2022/07/01 10:01:02 [notice] 24#24: exiting
2022/07/01 10:01:02 [notice] 25#25: exiting
2022/07/01 10:01:02 [notice] 22#22: exit
2022/07/01 10:01:02 [notice] 24#24: exit
2022/07/01 10:01:02 [notice] 25#25: exit
2022/07/01 10:01:02 [notice] 1#1: signal 17 (SIGCHLD) received from 23
2022/07/01 10:01:02 [notice] 1#1: worker process 23 exited with code 0
2022/07/01 10:01:02 [notice] 1#1: signal 29 (SIGIO) received
2022/07/01 10:01:02 [notice] 1#1: signal 17 (SIGCHLD) received from 22
2022/07/01 10:01:02 [notice] 1#1: worker process 22 exited with code 0
2022/07/01 10:01:02 [notice] 1#1: signal 29 (SIGIO) received
2022/07/01 10:01:02 [notice] 1#1: signal 17 (SIGCHLD) received from 24
2022/07/01 10:01:02 [notice] 1#1: worker process 24 exited with code 0
2022/07/01 10:01:02 [notice] 1#1: worker process 25 exited with code 0
2022/07/01 10:01:02 [notice] 1#1: exit
2022/07/01 10:03:17 [notice] 1#1: using the "epoll" event method
2022/07/01 10:03:17 [notice] 1#1: nginx/1.20.2
2022/07/01 10:03:17 [notice] 1#1: built by gcc 10.2.1 20210110 (Debian 10.2.1-6) 
2022/07/01 10:03:17 [notice] 1#1: OS: Linux 5.10.104-linuxkit
2022/07/01 10:03:17 [notice] 1#1: getrlimit(RLIMIT_NOFILE): 1048576:1048576
2022/07/01 10:03:17 [notice] 1#1: start worker processes
2022/07/01 10:03:17 [notice] 1#1: start worker process 22
2022/07/01 10:03:17 [notice] 1#1: start worker process 23
2022/07/01 10:03:17 [notice] 1#1: start worker process 24
2022/07/01 10:03:17 [notice] 1#1: start worker process 25
2022/07/01 10:18:25 [notice] 1#1: signal 3 (SIGQUIT) received, shutting down
2022/07/01 10:18:25 [notice] 23#23: gracefully shutting down
2022/07/01 10:18:25 [notice] 23#23: exiting
2022/07/01 10:18:25 [notice] 25#25: gracefully shutting down
2022/07/01 10:18:25 [notice] 24#24: gracefully shutting down
2022/07/01 10:18:25 [notice] 22#22: gracefully shutting down
2022/07/01 10:18:25 [notice] 23#23: exit
2022/07/01 10:18:25 [notice] 25#25: exiting
2022/07/01 10:18:25 [notice] 24#24: exiting
2022/07/01 10:18:25 [notice] 22#22: exiting
2022/07/01 10:18:25 [notice] 25#25: exit
2022/07/01 10:18:25 [notice] 24#24: exit
2022/07/01 10:18:25 [notice] 22#22: exit
2022/07/01 10:18:25 [notice] 1#1: signal 17 (SIGCHLD) received from 23
2022/07/01 10:18:25 [notice] 1#1: worker process 23 exited with code 0
2022/07/01 10:18:25 [notice] 1#1: signal 29 (SIGIO) received
2022/07/01 10:18:25 [notice] 1#1: signal 17 (SIGCHLD) received from 25
2022/07/01 10:18:25 [notice] 1#1: worker process 25 exited with code 0
2022/07/01 10:18:25 [notice] 1#1: signal 29 (SIGIO) received
2022/07/01 10:18:25 [notice] 1#1: signal 17 (SIGCHLD) received from 24
2022/07/01 10:18:25 [notice] 1#1: worker process 22 exited with code 0
2022/07/01 10:18:25 [notice] 1#1: worker process 24 exited with code 0
2022/07/01 10:18:25 [notice] 1#1: exit
2022/07/01 10:18:40 [notice] 1#1: using the "epoll" event method
2022/07/01 10:18:40 [notice] 1#1: nginx/1.20.2
2022/07/01 10:18:40 [notice] 1#1: built by gcc 10.2.1 20210110 (Debian 10.2.1-6) 
2022/07/01 10:18:40 [notice] 1#1: OS: Linux 5.10.104-linuxkit
2022/07/01 10:18:40 [notice] 1#1: getrlimit(RLIMIT_NOFILE): 1048576:1048576
2022/07/01 10:18:40 [notice] 1#1: start worker processes
2022/07/01 10:18:40 [notice] 1#1: start worker process 22
2022/07/01 10:18:40 [notice] 1#1: start worker process 23
2022/07/01 10:18:40 [notice] 1#1: start worker process 24
2022/07/01 10:18:40 [notice] 1#1: start worker process 25
2022/07/01 11:02:16 [notice] 1#1: signal 3 (SIGQUIT) received, shutting down
2022/07/01 11:02:16 [notice] 22#22: gracefully shutting down
2022/07/01 11:02:16 [notice] 24#24: gracefully shutting down
2022/07/01 11:02:16 [notice] 24#24: exiting
2022/07/01 11:02:16 [notice] 23#23: gracefully shutting down
2022/07/01 11:02:16 [notice] 25#25: gracefully shutting down
2022/07/01 11:02:16 [notice] 22#22: exiting
2022/07/01 11:02:16 [notice] 22#22: exit
2022/07/01 11:02:16 [notice] 24#24: exit
2022/07/01 11:02:16 [notice] 23#23: exiting
2022/07/01 11:02:16 [notice] 25#25: exiting
2022/07/01 11:02:16 [notice] 23#23: exit
2022/07/01 11:02:16 [notice] 25#25: exit
2022/07/01 11:02:16 [notice] 1#1: signal 17 (SIGCHLD) received from 24
2022/07/01 11:02:16 [notice] 1#1: worker process 22 exited with code 0
2022/07/01 11:02:16 [notice] 1#1: worker process 23 exited with code 0
2022/07/01 11:02:16 [notice] 1#1: worker process 24 exited with code 0
2022/07/01 11:02:16 [notice] 1#1: signal 29 (SIGIO) received
2022/07/01 11:02:16 [notice] 1#1: signal 17 (SIGCHLD) received from 25
2022/07/01 11:02:16 [notice] 1#1: worker process 25 exited with code 0
2022/07/01 11:02:16 [notice] 1#1: exit
2022/07/01 11:02:27 [notice] 1#1: using the "epoll" event method
2022/07/01 11:02:27 [notice] 1#1: nginx/1.20.2
2022/07/01 11:02:27 [notice] 1#1: built by gcc 10.2.1 20210110 (Debian 10.2.1-6) 
2022/07/01 11:02:27 [notice] 1#1: OS: Linux 5.10.104-linuxkit
2022/07/01 11:02:27 [notice] 1#1: getrlimit(RLIMIT_NOFILE): 1048576:1048576
2022/07/01 11:02:27 [notice] 1#1: start worker processes
2022/07/01 11:02:27 [notice] 1#1: start worker process 22
2022/07/01 11:02:27 [notice] 1#1: start worker process 23
2022/07/01 11:02:27 [notice] 1#1: start worker process 24
2022/07/01 11:02:27 [notice] 1#1: start worker process 25
2022/07/01 11:03:10 [notice] 1#1: signal 3 (SIGQUIT) received, shutting down
2022/07/01 11:03:10 [notice] 22#22: gracefully shutting down
2022/07/01 11:03:10 [notice] 25#25: gracefully shutting down
2022/07/01 11:03:10 [notice] 24#24: gracefully shutting down
2022/07/01 11:03:10 [notice] 23#23: gracefully shutting down
2022/07/01 11:03:10 [notice] 22#22: exiting
2022/07/01 11:03:10 [notice] 25#25: exiting
2022/07/01 11:03:10 [notice] 25#25: exit
2022/07/01 11:03:10 [notice] 24#24: exiting
2022/07/01 11:03:10 [notice] 23#23: exiting
2022/07/01 11:03:10 [notice] 22#22: exit
2022/07/01 11:03:10 [notice] 24#24: exit
2022/07/01 11:03:10 [notice] 23#23: exit
2022/07/01 11:03:10 [notice] 1#1: signal 17 (SIGCHLD) received from 25
2022/07/01 11:03:10 [notice] 1#1: worker process 24 exited with code 0
2022/07/01 11:03:10 [notice] 1#1: worker process 25 exited with code 0
2022/07/01 11:03:10 [notice] 1#1: signal 29 (SIGIO) received
2022/07/01 11:03:10 [notice] 1#1: signal 17 (SIGCHLD) received from 23
2022/07/01 11:03:10 [notice] 1#1: worker process 22 exited with code 0
2022/07/01 11:03:10 [notice] 1#1: worker process 23 exited with code 0
2022/07/01 11:03:10 [notice] 1#1: exit
2022/07/01 11:03:22 [notice] 1#1: using the "epoll" event method
2022/07/01 11:03:22 [notice] 1#1: nginx/1.20.2
2022/07/01 11:03:22 [notice] 1#1: built by gcc 10.2.1 20210110 (Debian 10.2.1-6) 
2022/07/01 11:03:22 [notice] 1#1: OS: Linux 5.10.104-linuxkit
2022/07/01 11:03:22 [notice] 1#1: getrlimit(RLIMIT_NOFILE): 1048576:1048576
2022/07/01 11:03:22 [notice] 1#1: start worker processes
2022/07/01 11:03:22 [notice] 1#1: start worker process 23
2022/07/01 11:03:22 [notice] 1#1: start worker process 24
2022/07/01 11:03:22 [notice] 1#1: start worker process 25
2022/07/01 11:03:22 [notice] 1#1: start worker process 26
2022/07/01 11:06:34 [notice] 1#1: signal 3 (SIGQUIT) received, shutting down
2022/07/01 11:06:34 [notice] 24#24: gracefully shutting down
2022/07/01 11:06:34 [notice] 23#23: gracefully shutting down
2022/07/01 11:06:34 [notice] 23#23: exiting
2022/07/01 11:06:34 [notice] 25#25: gracefully shutting down
2022/07/01 11:06:34 [notice] 26#26: gracefully shutting down
2022/07/01 11:06:34 [notice] 24#24: exiting
2022/07/01 11:06:34 [notice] 23#23: exit
2022/07/01 11:06:34 [notice] 25#25: exiting
2022/07/01 11:06:34 [notice] 26#26: exiting
2022/07/01 11:06:34 [notice] 24#24: exit
2022/07/01 11:06:34 [notice] 25#25: exit
2022/07/01 11:06:34 [notice] 26#26: exit
2022/07/01 11:06:34 [notice] 1#1: signal 17 (SIGCHLD) received from 25
2022/07/01 11:06:34 [notice] 1#1: worker process 23 exited with code 0
2022/07/01 11:06:34 [notice] 1#1: worker process 24 exited with code 0
2022/07/01 11:06:34 [notice] 1#1: worker process 25 exited with code 0
2022/07/01 11:06:34 [notice] 1#1: signal 29 (SIGIO) received
2022/07/01 11:06:34 [notice] 1#1: signal 17 (SIGCHLD) received from 23
2022/07/01 11:06:34 [notice] 1#1: signal 17 (SIGCHLD) received from 26
2022/07/01 11:06:34 [notice] 1#1: worker process 26 exited with code 0
2022/07/01 11:06:34 [notice] 1#1: exit
2022/07/01 11:08:53 [notice] 1#1: using the "epoll" event method
2022/07/01 11:08:53 [notice] 1#1: nginx/1.20.2
2022/07/01 11:08:53 [notice] 1#1: built by gcc 10.2.1 20210110 (Debian 10.2.1-6) 
2022/07/01 11:08:53 [notice] 1#1: OS: Linux 5.10.104-linuxkit
2022/07/01 11:08:53 [notice] 1#1: getrlimit(RLIMIT_NOFILE): 1048576:1048576
2022/07/01 11:08:53 [notice] 1#1: start worker processes
2022/07/01 11:08:53 [notice] 1#1: start worker process 22
2022/07/01 11:08:53 [notice] 1#1: start worker process 23
2022/07/01 11:08:53 [notice] 1#1: start worker process 24
2022/07/01 11:08:53 [notice] 1#1: start worker process 25
2022/07/01 11:11:01 [notice] 1#1: signal 3 (SIGQUIT) received, shutting down
2022/07/01 11:11:01 [notice] 22#22: gracefully shutting down
2022/07/01 11:11:01 [notice] 23#23: gracefully shutting down
2022/07/01 11:11:01 [notice] 23#23: exiting
2022/07/01 11:11:01 [notice] 25#25: gracefully shutting down
2022/07/01 11:11:01 [notice] 24#24: gracefully shutting down
2022/07/01 11:11:01 [notice] 22#22: exiting
2022/07/01 11:11:01 [notice] 23#23: exit
2022/07/01 11:11:01 [notice] 25#25: exiting
2022/07/01 11:11:01 [notice] 24#24: exiting
2022/07/01 11:11:01 [notice] 22#22: exit
2022/07/01 11:11:01 [notice] 25#25: exit
2022/07/01 11:11:01 [notice] 24#24: exit
2022/07/01 11:11:01 [notice] 1#1: signal 17 (SIGCHLD) received from 23
2022/07/01 11:11:01 [notice] 1#1: worker process 23 exited with code 0
2022/07/01 11:11:01 [notice] 1#1: signal 29 (SIGIO) received
2022/07/01 11:11:01 [notice] 1#1: signal 17 (SIGCHLD) received from 25
2022/07/01 11:11:01 [notice] 1#1: worker process 22 exited with code 0
2022/07/01 11:11:01 [notice] 1#1: worker process 24 exited with code 0
2022/07/01 11:11:01 [notice] 1#1: worker process 25 exited with code 0
2022/07/01 11:11:01 [notice] 1#1: exit
2022/07/01 11:11:15 [notice] 1#1: using the "epoll" event method
2022/07/01 11:11:15 [notice] 1#1: nginx/1.20.2
2022/07/01 11:11:15 [notice] 1#1: built by gcc 10.2.1 20210110 (Debian 10.2.1-6) 
2022/07/01 11:11:15 [notice] 1#1: OS: Linux 5.10.104-linuxkit
2022/07/01 11:11:15 [notice] 1#1: getrlimit(RLIMIT_NOFILE): 1048576:1048576
2022/07/01 11:11:15 [notice] 1#1: start worker processes
2022/07/01 11:11:15 [notice] 1#1: start worker process 22
2022/07/01 11:11:15 [notice] 1#1: start worker process 23
2022/07/01 11:11:15 [notice] 1#1: start worker process 24
2022/07/01 11:11:15 [notice] 1#1: start worker process 25
2022/07/01 11:14:46 [notice] 1#1: signal 3 (SIGQUIT) received, shutting down
2022/07/01 11:14:46 [notice] 22#22: gracefully shutting down
2022/07/01 11:14:46 [notice] 23#23: gracefully shutting down
2022/07/01 11:14:46 [notice] 23#23: exiting
2022/07/01 11:14:46 [notice] 25#25: gracefully shutting down
2022/07/01 11:14:46 [notice] 24#24: gracefully shutting down
2022/07/01 11:14:46 [notice] 22#22: exiting
2022/07/01 11:14:46 [notice] 23#23: exit
2022/07/01 11:14:46 [notice] 25#25: exiting
2022/07/01 11:14:46 [notice] 24#24: exiting
2022/07/01 11:14:46 [notice] 22#22: exit
2022/07/01 11:14:46 [notice] 25#25: exit
2022/07/01 11:14:46 [notice] 24#24: exit
2022/07/01 11:14:46 [notice] 1#1: signal 17 (SIGCHLD) received from 22
2022/07/01 11:14:46 [notice] 1#1: worker process 22 exited with code 0
2022/07/01 11:14:46 [notice] 1#1: worker process 23 exited with code 0
2022/07/01 11:14:46 [notice] 1#1: signal 29 (SIGIO) received
2022/07/01 11:14:46 [notice] 1#1: signal 17 (SIGCHLD) received from 23
2022/07/01 11:14:46 [notice] 1#1: signal 17 (SIGCHLD) received from 25
2022/07/01 11:14:46 [notice] 1#1: worker process 24 exited with code 0
2022/07/01 11:14:46 [notice] 1#1: worker process 25 exited with code 0
2022/07/01 11:14:46 [notice] 1#1: exit
2022/07/01 11:15:00 [notice] 1#1: using the "epoll" event method
2022/07/01 11:15:00 [notice] 1#1: nginx/1.20.2
2022/07/01 11:15:00 [notice] 1#1: built by gcc 10.2.1 20210110 (Debian 10.2.1-6) 
2022/07/01 11:15:00 [notice] 1#1: OS: Linux 5.10.104-linuxkit
2022/07/01 11:15:00 [notice] 1#1: getrlimit(RLIMIT_NOFILE): 1048576:1048576
2022/07/01 11:15:00 [notice] 1#1: start worker processes
2022/07/01 11:15:00 [notice] 1#1: start worker process 22
2022/07/01 11:15:00 [notice] 1#1: start worker process 23
2022/07/01 11:15:00 [notice] 1#1: start worker process 24
2022/07/01 11:15:00 [notice] 1#1: start worker process 25
2022/07/01 11:22:53 [notice] 1#1: signal 3 (SIGQUIT) received, shutting down
2022/07/01 11:22:53 [notice] 22#22: gracefully shutting down
2022/07/01 11:22:53 [notice] 23#23: gracefully shutting down
2022/07/01 11:22:53 [notice] 23#23: exiting
2022/07/01 11:22:53 [notice] 25#25: gracefully shutting down
2022/07/01 11:22:53 [notice] 25#25: exiting
2022/07/01 11:22:53 [notice] 24#24: gracefully shutting down
2022/07/01 11:22:53 [notice] 22#22: exiting
2022/07/01 11:22:53 [notice] 23#23: exit
2022/07/01 11:22:53 [notice] 25#25: exit
2022/07/01 11:22:53 [notice] 24#24: exiting
2022/07/01 11:22:53 [notice] 22#22: exit
2022/07/01 11:22:53 [notice] 24#24: exit
2022/07/01 11:22:53 [notice] 1#1: signal 17 (SIGCHLD) received from 23
2022/07/01 11:22:53 [notice] 1#1: worker process 23 exited with code 0
2022/07/01 11:22:53 [notice] 1#1: signal 29 (SIGIO) received
2022/07/01 11:22:53 [notice] 1#1: signal 17 (SIGCHLD) received from 25
2022/07/01 11:22:53 [notice] 1#1: worker process 25 exited with code 0
2022/07/01 11:22:53 [notice] 1#1: signal 29 (SIGIO) received
2022/07/01 11:22:53 [notice] 1#1: signal 17 (SIGCHLD) received from 24
2022/07/01 11:22:53 [notice] 1#1: worker process 22 exited with code 0
2022/07/01 11:22:53 [notice] 1#1: worker process 24 exited with code 0
2022/07/01 11:22:53 [notice] 1#1: exit
2022/07/01 11:23:12 [notice] 1#1: using the "epoll" event method
2022/07/01 11:23:12 [notice] 1#1: nginx/1.20.2
2022/07/01 11:23:12 [notice] 1#1: built by gcc 10.2.1 20210110 (Debian 10.2.1-6) 
2022/07/01 11:23:12 [notice] 1#1: OS: Linux 5.10.104-linuxkit
2022/07/01 11:23:12 [notice] 1#1: getrlimit(RLIMIT_NOFILE): 1048576:1048576
2022/07/01 11:23:12 [notice] 1#1: start worker processes
2022/07/01 11:23:12 [notice] 1#1: start worker process 22
2022/07/01 11:23:12 [notice] 1#1: start worker process 23
2022/07/01 11:23:12 [notice] 1#1: start worker process 24
2022/07/01 11:23:12 [notice] 1#1: start worker process 25
2022/07/01 11:31:01 [notice] 1#1: signal 3 (SIGQUIT) received, shutting down
2022/07/01 11:31:01 [notice] 22#22: gracefully shutting down
2022/07/01 11:31:01 [notice] 23#23: gracefully shutting down
2022/07/01 11:31:01 [notice] 23#23: exiting
2022/07/01 11:31:01 [notice] 24#24: gracefully shutting down
2022/07/01 11:31:01 [notice] 24#24: exiting
2022/07/01 11:31:01 [notice] 25#25: gracefully shutting down
2022/07/01 11:31:01 [notice] 22#22: exiting
2022/07/01 11:31:01 [notice] 22#22: exit
2022/07/01 11:31:01 [notice] 23#23: exit
2022/07/01 11:31:01 [notice] 24#24: exit
2022/07/01 11:31:01 [notice] 25#25: exiting
2022/07/01 11:31:01 [notice] 25#25: exit
2022/07/01 11:31:01 [notice] 1#1: signal 17 (SIGCHLD) received from 23
2022/07/01 11:31:01 [notice] 1#1: worker process 22 exited with code 0
2022/07/01 11:31:01 [notice] 1#1: worker process 23 exited with code 0
2022/07/01 11:31:01 [notice] 1#1: signal 29 (SIGIO) received
2022/07/01 11:31:01 [notice] 1#1: signal 17 (SIGCHLD) received from 24
2022/07/01 11:31:01 [notice] 1#1: worker process 24 exited with code 0
2022/07/01 11:31:01 [notice] 1#1: worker process 25 exited with code 0
2022/07/01 11:31:01 [notice] 1#1: exit
2022/07/01 11:31:15 [notice] 1#1: using the "epoll" event method
2022/07/01 11:31:15 [notice] 1#1: nginx/1.20.2
2022/07/01 11:31:15 [notice] 1#1: built by gcc 10.2.1 20210110 (Debian 10.2.1-6) 
2022/07/01 11:31:15 [notice] 1#1: OS: Linux 5.10.104-linuxkit
2022/07/01 11:31:15 [notice] 1#1: getrlimit(RLIMIT_NOFILE): 1048576:1048576
2022/07/01 11:31:15 [notice] 1#1: start worker processes
2022/07/01 11:31:15 [notice] 1#1: start worker process 21
2022/07/01 11:31:15 [notice] 1#1: start worker process 22
2022/07/01 11:31:15 [notice] 1#1: start worker process 23
2022/07/01 11:31:15 [notice] 1#1: start worker process 24
2022/07/01 15:37:56 [error] 21#21: *1 open() "/var/www/favicon.ico" failed (2: No such file or directory), client: 172.25.0.1, server: hello.local, request: "GET /favicon.ico HTTP/1.1", host: "hello.local:82", referrer: "http://hello.local:82/"
